<?xml version="1.0" encoding="UTF-8"?>
<!-- Generated by org.testng.reporters.JUnitXMLReporter -->
<testsuite hostname="DESKTOP-BGET200" ignored="0" name="Default test" tests="3" failures="0" timestamp="2021-06-15T19:41:19 CEST" time="115.801" errors="0">
  <testcase name="addWishlst" time="10.168" classname="tests.WishlistTest"/>
  <testcase name="addMultileWishlists" time="20.342" classname="tests.WishlistTest"/>
  <testcase name="deleteWishlist" time="13.663" classname="tests.WishlistTest"/>
</testsuite> <!-- Default test -->
