<?xml version="1.0" encoding="UTF-8"?>
<testng-results skipped="0" failed="0" ignored="0" total="1" passed="1">
  <reporter-output>
  </reporter-output>
  <suite name="Default suite" duration-ms="40494" started-at="2021-06-14T21:59:22 CEST" finished-at="2021-06-14T22:00:03 CEST">
    <groups>
    </groups>
    <test name="Default test" duration-ms="40494" started-at="2021-06-14T21:59:22 CEST" finished-at="2021-06-14T22:00:03 CEST">
      <class name="tests.WishlistTest">
        <test-method status="PASS" signature="BeforeEveryTests()[pri:0, instance:tests.WishlistTest@1a8a8f7c]" name="BeforeEveryTests" is-config="true" duration-ms="3186" started-at="2021-06-14T21:59:22 CEST" finished-at="2021-06-14T21:59:26 CEST">
          <reporter-output>
          </reporter-output>
        </test-method> <!-- BeforeEveryTests -->
        <test-method status="PASS" signature="beforeTests()[pri:0, instance:tests.WishlistTest@1a8a8f7c]" name="beforeTests" is-config="true" duration-ms="23229" started-at="2021-06-14T21:59:26 CEST" finished-at="2021-06-14T21:59:49 CEST">
          <reporter-output>
          </reporter-output>
        </test-method> <!-- beforeTests -->
        <test-method status="PASS" signature="addWishlst()[pri:0, instance:tests.WishlistTest@1a8a8f7c]" name="addWishlst" duration-ms="9796" started-at="2021-06-14T21:59:49 CEST" finished-at="2021-06-14T21:59:59 CEST">
          <reporter-output>
          </reporter-output>
        </test-method> <!-- addWishlst -->
        <test-method status="PASS" signature="posleSvakogTesta()[pri:0, instance:tests.WishlistTest@1a8a8f7c]" name="posleSvakogTesta" is-config="true" duration-ms="4169" started-at="2021-06-14T21:59:59 CEST" finished-at="2021-06-14T22:00:03 CEST">
          <reporter-output>
          </reporter-output>
        </test-method> <!-- posleSvakogTesta -->
        <test-method status="PASS" signature="posleSihTestova()[pri:0, instance:tests.WishlistTest@1a8a8f7c]" name="posleSihTestova" is-config="true" duration-ms="69" started-at="2021-06-14T22:00:03 CEST" finished-at="2021-06-14T22:00:03 CEST">
          <reporter-output>
          </reporter-output>
        </test-method> <!-- posleSihTestova -->
      </class> <!-- tests.WishlistTest -->
    </test> <!-- Default test -->
  </suite> <!-- Default suite -->
</testng-results>
